<?xml version="1.0" encoding="UTF-8"?>
<!-- Generated by org.testng.reporters.JUnitReportReporter -->
<testsuite hostname="JessesHP" failures="5" tests="5" name="testCases.SearchResultsReferencesValidation" time="119.389" errors="0" timestamp="2023-08-07T09:41:21 EDT" skipped="0">
  <testcase classname="testCases.SearchResultsReferencesValidation" name="searchReferencesValidation" time="26.549">
    <failure message="Search Results Page &gt; References &gt; Date format xxxx-xx-xx expected [true] but found [false]" type="java.lang.AssertionError">
      <![CDATA[java.lang.AssertionError: Search Results Page > References > Date format xxxx-xx-xx expected [true] but found [false]
at org.testng.Assert.fail(Assert.java:110)
at org.testng.Assert.failNotEquals(Assert.java:1577)
at org.testng.Assert.assertTrue(Assert.java:56)
at testCases.SearchResultsReferencesValidation.searchReferencesValidation(SearchResultsReferencesValidation.java:41)
at java.base/jdk.internal.reflect.NativeMethodAccessorImpl.invoke0(Native Method)
at java.base/jdk.internal.reflect.NativeMethodAccessorImpl.invoke(NativeMethodAccessorImpl.java:77)
at java.base/jdk.internal.reflect.DelegatingMethodAccessorImpl.invoke(DelegatingMethodAccessorImpl.java:43)
at java.base/java.lang.reflect.Method.invoke(Method.java:568)
at org.testng.internal.invokers.MethodInvocationHelper.invokeMethod(MethodInvocationHelper.java:139)
at org.testng.internal.invokers.TestInvoker.invokeMethod(TestInvoker.java:677)
at org.testng.internal.invokers.TestInvoker.invokeTestMethod(TestInvoker.java:221)
at org.testng.internal.invokers.MethodRunner.runInSequence(MethodRunner.java:50)
at org.testng.internal.invokers.TestInvoker$MethodInvocationAgent.invoke(TestInvoker.java:969)
at org.testng.internal.invokers.TestInvoker.invokeTestMethods(TestInvoker.java:194)
at org.testng.internal.invokers.TestMethodWorker.invokeTestMethods(TestMethodWorker.java:148)
at org.testng.internal.invokers.TestMethodWorker.run(TestMethodWorker.java:128)
at java.base/java.util.concurrent.ThreadPoolExecutor.runWorker(ThreadPoolExecutor.java:1136)
at java.base/java.util.concurrent.ThreadPoolExecutor$Worker.run(ThreadPoolExecutor.java:635)
at java.base/java.lang.Thread.run(Thread.java:833)
]]>
    </failure>
  </testcase> <!-- searchReferencesValidation -->
  <system-out>
    <![CDATA[Beginning test for Search Results > References...
Beginning Login Modular Test...
Waiting for page to load completely...
The page '' is fully loaded now.
Method: setEmail
Method: setPassword
Method: readEmail
Email Address: jesse.childress@aretecinc.com
Method: readEmail
Method: clickLogin
Waiting for page to load completely...
The page '' is fully loaded now.
Expected URL: https://test.dataimagineers.ai/
Current URL : https://test.dataimagineers.ai/login
Beginning Search Modular Test...
This is for the main search page from login...
Waiting for page to load completely...
The page '' is fully loaded now.
Expected URL: https://test.dataimagineers.ai/
Current URL : https://test.dataimagineers.ai/
Method: clickAllDomainsButton
Method: openClosedDomains
Method: selectDomain
Method: clickAllDomainsButton
All Domains Button already clicked. Menus already present on page.
Method: openClosedDomains
Method: setSearchField
Method: readSearchField
Waiting for page to load completely...
The page 'Test App' is fully loaded now.
Expected URL: https://test.dataimagineers.ai/search-result.*
Current URL : https://test.dataimagineers.ai/search-result?search=How%20can%20Aretec%20benefit%20from%20Software%20Quality%20Assurance%20Testing?
Waiting for page to load completely...
The page 'Test App' is fully loaded now.
Method: readAnswer
Method: waitForAnswerGeneration
Waited on Answer text for: 7 seconds.
Method: readFileName
Method: readUploadDate]]>
  </system-out>
  <testcase classname="testCases.SearchResultsReferencesValidation" name="searchReferencesValidation" time="20.464">
    <failure message="Search Results Page &gt; References &gt; Date format xxxx-xx-xx expected [true] but found [false]" type="java.lang.AssertionError">
      <![CDATA[java.lang.AssertionError: Search Results Page > References > Date format xxxx-xx-xx expected [true] but found [false]
at org.testng.Assert.fail(Assert.java:110)
at org.testng.Assert.failNotEquals(Assert.java:1577)
at org.testng.Assert.assertTrue(Assert.java:56)
at testCases.SearchResultsReferencesValidation.searchReferencesValidation(SearchResultsReferencesValidation.java:41)
at java.base/jdk.internal.reflect.NativeMethodAccessorImpl.invoke0(Native Method)
at java.base/jdk.internal.reflect.NativeMethodAccessorImpl.invoke(NativeMethodAccessorImpl.java:77)
at java.base/jdk.internal.reflect.DelegatingMethodAccessorImpl.invoke(DelegatingMethodAccessorImpl.java:43)
at java.base/java.lang.reflect.Method.invoke(Method.java:568)
at org.testng.internal.invokers.MethodInvocationHelper.invokeMethod(MethodInvocationHelper.java:139)
at org.testng.internal.invokers.TestInvoker.invokeMethod(TestInvoker.java:677)
at org.testng.internal.invokers.TestInvoker.invokeTestMethod(TestInvoker.java:221)
at org.testng.internal.invokers.MethodRunner.runInSequence(MethodRunner.java:50)
at org.testng.internal.invokers.TestInvoker$MethodInvocationAgent.invoke(TestInvoker.java:969)
at org.testng.internal.invokers.TestInvoker.invokeTestMethods(TestInvoker.java:194)
at org.testng.internal.invokers.TestMethodWorker.invokeTestMethods(TestMethodWorker.java:148)
at org.testng.internal.invokers.TestMethodWorker.run(TestMethodWorker.java:128)
at java.base/java.util.concurrent.ThreadPoolExecutor.runWorker(ThreadPoolExecutor.java:1136)
at java.base/java.util.concurrent.ThreadPoolExecutor$Worker.run(ThreadPoolExecutor.java:635)
at java.base/java.lang.Thread.run(Thread.java:833)
]]>
    </failure>
  </testcase> <!-- searchReferencesValidation -->
  <system-out>
    <![CDATA[Beginning test for Search Results > References...
Beginning Login Modular Test...
Waiting for page to load completely...
The page '' is fully loaded now.
Method: setEmail
Method: setPassword
Method: readEmail
Email Address: jesse.childress@aretecinc.com
Method: readEmail
Method: clickLogin
Waiting for page to load completely...
The page '' is fully loaded now.
Expected URL: https://test.dataimagineers.ai/
Current URL : https://test.dataimagineers.ai/login
Beginning Search Modular Test...
This is for the main search page from login...
Waiting for page to load completely...
The page '' is fully loaded now.
Expected URL: https://test.dataimagineers.ai/
Current URL : https://test.dataimagineers.ai/
Method: clickAllDomainsButton
Method: openClosedDomains
Method: selectDomain
Method: clickAllDomainsButton
All Domains Button already clicked. Menus already present on page.
Method: openClosedDomains
Method: setSearchField
Method: readSearchField
Waiting for page to load completely...
The page 'Test App' is fully loaded now.
Expected URL: https://test.dataimagineers.ai/search-result.*
Current URL : https://test.dataimagineers.ai/search-result?search=How%20can%20Aretec%20benefit%20from%20Software%20Quality%20Assurance%20Testing?
Waiting for page to load completely...
The page 'Test App' is fully loaded now.
Method: readAnswer
Method: waitForAnswerGeneration
Waited on Answer text for: 2 seconds.
Method: readFileName
Method: readUploadDate]]>
  </system-out>
  <testcase classname="testCases.SearchResultsReferencesValidation" name="searchReferencesValidation" time="29.153">
    <failure message="Search Results Page &gt; References &gt; Date format xxxx-xx-xx expected [true] but found [false]" type="java.lang.AssertionError">
      <![CDATA[java.lang.AssertionError: Search Results Page > References > Date format xxxx-xx-xx expected [true] but found [false]
at org.testng.Assert.fail(Assert.java:110)
at org.testng.Assert.failNotEquals(Assert.java:1577)
at org.testng.Assert.assertTrue(Assert.java:56)
at testCases.SearchResultsReferencesValidation.searchReferencesValidation(SearchResultsReferencesValidation.java:41)
at java.base/jdk.internal.reflect.NativeMethodAccessorImpl.invoke0(Native Method)
at java.base/jdk.internal.reflect.NativeMethodAccessorImpl.invoke(NativeMethodAccessorImpl.java:77)
at java.base/jdk.internal.reflect.DelegatingMethodAccessorImpl.invoke(DelegatingMethodAccessorImpl.java:43)
at java.base/java.lang.reflect.Method.invoke(Method.java:568)
at org.testng.internal.invokers.MethodInvocationHelper.invokeMethod(MethodInvocationHelper.java:139)
at org.testng.internal.invokers.TestInvoker.invokeMethod(TestInvoker.java:677)
at org.testng.internal.invokers.TestInvoker.invokeTestMethod(TestInvoker.java:221)
at org.testng.internal.invokers.MethodRunner.runInSequence(MethodRunner.java:50)
at org.testng.internal.invokers.TestInvoker$MethodInvocationAgent.invoke(TestInvoker.java:969)
at org.testng.internal.invokers.TestInvoker.invokeTestMethods(TestInvoker.java:194)
at org.testng.internal.invokers.TestMethodWorker.invokeTestMethods(TestMethodWorker.java:148)
at org.testng.internal.invokers.TestMethodWorker.run(TestMethodWorker.java:128)
at java.base/java.util.concurrent.ThreadPoolExecutor.runWorker(ThreadPoolExecutor.java:1136)
at java.base/java.util.concurrent.ThreadPoolExecutor$Worker.run(ThreadPoolExecutor.java:635)
at java.base/java.lang.Thread.run(Thread.java:833)
]]>
    </failure>
  </testcase> <!-- searchReferencesValidation -->
  <system-out>
    <![CDATA[Beginning test for Search Results > References...
Beginning Login Modular Test...
Waiting for page to load completely...
The page '' is fully loaded now.
Method: setEmail
Method: setPassword
Method: readEmail
Email Address: jesse.childress@aretecinc.com
Method: readEmail
Method: clickLogin
Waiting for page to load completely...
The page '' is fully loaded now.
Expected URL: https://test.dataimagineers.ai/
Current URL : https://test.dataimagineers.ai/login
Beginning Search Modular Test...
This is for the main search page from login...
Waiting for page to load completely...
The page '' is fully loaded now.
Expected URL: https://test.dataimagineers.ai/
Current URL : https://test.dataimagineers.ai/
Method: clickAllDomainsButton
Method: openClosedDomains
Method: selectDomain
Method: clickAllDomainsButton
All Domains Button already clicked. Menus already present on page.
Method: openClosedDomains
Method: setSearchField
Method: readSearchField
Waiting for page to load completely...
The page 'Test App' is fully loaded now.
Expected URL: https://test.dataimagineers.ai/search-result.*
Current URL : https://test.dataimagineers.ai/search-result?search=How%20can%20Aretec%20benefit%20from%20Software%20Quality%20Assurance%20Testing?
Waiting for page to load completely...
The page 'Test App' is fully loaded now.
Method: readAnswer
Method: waitForAnswerGeneration
Waited on Answer text for: 10 seconds.
Method: readFileName
Method: readUploadDate]]>
  </system-out>
  <testcase classname="testCases.SearchResultsReferencesValidation" name="searchReferencesValidation" time="22.641">
    <failure message="Search Results Page &gt; References &gt; Date format xxxx-xx-xx expected [true] but found [false]" type="java.lang.AssertionError">
      <![CDATA[java.lang.AssertionError: Search Results Page > References > Date format xxxx-xx-xx expected [true] but found [false]
at org.testng.Assert.fail(Assert.java:110)
at org.testng.Assert.failNotEquals(Assert.java:1577)
at org.testng.Assert.assertTrue(Assert.java:56)
at testCases.SearchResultsReferencesValidation.searchReferencesValidation(SearchResultsReferencesValidation.java:41)
at java.base/jdk.internal.reflect.NativeMethodAccessorImpl.invoke0(Native Method)
at java.base/jdk.internal.reflect.NativeMethodAccessorImpl.invoke(NativeMethodAccessorImpl.java:77)
at java.base/jdk.internal.reflect.DelegatingMethodAccessorImpl.invoke(DelegatingMethodAccessorImpl.java:43)
at java.base/java.lang.reflect.Method.invoke(Method.java:568)
at org.testng.internal.invokers.MethodInvocationHelper.invokeMethod(MethodInvocationHelper.java:139)
at org.testng.internal.invokers.TestInvoker.invokeMethod(TestInvoker.java:677)
at org.testng.internal.invokers.TestInvoker.invokeTestMethod(TestInvoker.java:221)
at org.testng.internal.invokers.MethodRunner.runInSequence(MethodRunner.java:50)
at org.testng.internal.invokers.TestInvoker$MethodInvocationAgent.invoke(TestInvoker.java:969)
at org.testng.internal.invokers.TestInvoker.invokeTestMethods(TestInvoker.java:194)
at org.testng.internal.invokers.TestMethodWorker.invokeTestMethods(TestMethodWorker.java:148)
at org.testng.internal.invokers.TestMethodWorker.run(TestMethodWorker.java:128)
at java.base/java.util.concurrent.ThreadPoolExecutor.runWorker(ThreadPoolExecutor.java:1136)
at java.base/java.util.concurrent.ThreadPoolExecutor$Worker.run(ThreadPoolExecutor.java:635)
at java.base/java.lang.Thread.run(Thread.java:833)
]]>
    </failure>
  </testcase> <!-- searchReferencesValidation -->
  <system-out>
    <![CDATA[Beginning test for Search Results > References...
Beginning Login Modular Test...
Waiting for page to load completely...
The page '' is fully loaded now.
Method: setEmail
Method: setPassword
Method: readEmail
Email Address: jesse.childress@aretecinc.com
Method: readEmail
Method: clickLogin
Waiting for page to load completely...
The page '' is fully loaded now.
Expected URL: https://test.dataimagineers.ai/
Current URL : https://test.dataimagineers.ai/login
Beginning Search Modular Test...
This is for the main search page from login...
Waiting for page to load completely...
The page '' is fully loaded now.
Expected URL: https://test.dataimagineers.ai/
Current URL : https://test.dataimagineers.ai/
Method: clickAllDomainsButton
Method: openClosedDomains
Method: selectDomain
Method: clickAllDomainsButton
All Domains Button already clicked. Menus already present on page.
Method: openClosedDomains
Method: setSearchField
Method: readSearchField
Waiting for page to load completely...
The page 'Test App' is fully loaded now.
Expected URL: https://test.dataimagineers.ai/search-result.*
Current URL : https://test.dataimagineers.ai/search-result?search=How%20can%20Aretec%20benefit%20from%20Software%20Quality%20Assurance%20Testing?
Waiting for page to load completely...
The page 'Test App' is fully loaded now.
Method: readAnswer
Method: waitForAnswerGeneration
Waited on Answer text for: 3 seconds.
Method: readFileName
Method: readUploadDate]]>
  </system-out>
  <testcase classname="testCases.SearchResultsReferencesValidation" name="searchReferencesValidation" time="20.582">
    <failure message="Search Results Page &gt; References &gt; Date format xxxx-xx-xx expected [true] but found [false]" type="java.lang.AssertionError">
      <![CDATA[java.lang.AssertionError: Search Results Page > References > Date format xxxx-xx-xx expected [true] but found [false]
at org.testng.Assert.fail(Assert.java:110)
at org.testng.Assert.failNotEquals(Assert.java:1577)
at org.testng.Assert.assertTrue(Assert.java:56)
at testCases.SearchResultsReferencesValidation.searchReferencesValidation(SearchResultsReferencesValidation.java:41)
at java.base/jdk.internal.reflect.NativeMethodAccessorImpl.invoke0(Native Method)
at java.base/jdk.internal.reflect.NativeMethodAccessorImpl.invoke(NativeMethodAccessorImpl.java:77)
at java.base/jdk.internal.reflect.DelegatingMethodAccessorImpl.invoke(DelegatingMethodAccessorImpl.java:43)
at java.base/java.lang.reflect.Method.invoke(Method.java:568)
at org.testng.internal.invokers.MethodInvocationHelper.invokeMethod(MethodInvocationHelper.java:139)
at org.testng.internal.invokers.TestInvoker.invokeMethod(TestInvoker.java:677)
at org.testng.internal.invokers.TestInvoker.invokeTestMethod(TestInvoker.java:221)
at org.testng.internal.invokers.MethodRunner.runInSequence(MethodRunner.java:50)
at org.testng.internal.invokers.TestInvoker$MethodInvocationAgent.invoke(TestInvoker.java:969)
at org.testng.internal.invokers.TestInvoker.invokeTestMethods(TestInvoker.java:194)
at org.testng.internal.invokers.TestMethodWorker.invokeTestMethods(TestMethodWorker.java:148)
at org.testng.internal.invokers.TestMethodWorker.run(TestMethodWorker.java:128)
at java.base/java.util.concurrent.ThreadPoolExecutor.runWorker(ThreadPoolExecutor.java:1136)
at java.base/java.util.concurrent.ThreadPoolExecutor$Worker.run(ThreadPoolExecutor.java:635)
at java.base/java.lang.Thread.run(Thread.java:833)
]]>
    </failure>
  </testcase> <!-- searchReferencesValidation -->
  <system-out>
    <![CDATA[Beginning test for Search Results > References...
Beginning Login Modular Test...
Waiting for page to load completely...
The page '' is fully loaded now.
Method: setEmail
Method: setPassword
Method: readEmail
Email Address: jesse.childress@aretecinc.com
Method: readEmail
Method: clickLogin
Waiting for page to load completely...
The page '' is fully loaded now.
Expected URL: https://test.dataimagineers.ai/
Current URL : https://test.dataimagineers.ai/login
Beginning Search Modular Test...
This is for the main search page from login...
Waiting for page to load completely...
The page '' is fully loaded now.
Expected URL: https://test.dataimagineers.ai/
Current URL : https://test.dataimagineers.ai/
Method: clickAllDomainsButton
Method: openClosedDomains
Method: selectDomain
Method: clickAllDomainsButton
All Domains Button already clicked. Menus already present on page.
Method: openClosedDomains
Method: setSearchField
Method: readSearchField
Waiting for page to load completely...
The page 'Test App' is fully loaded now.
Expected URL: https://test.dataimagineers.ai/search-result.*
Current URL : https://test.dataimagineers.ai/search-result?search=How%20can%20Aretec%20benefit%20from%20Software%20Quality%20Assurance%20Testing?
Waiting for page to load completely...
The page 'Test App' is fully loaded now.
Method: readAnswer
Method: waitForAnswerGeneration
Waited on Answer text for: 3 seconds.
Method: readFileName
Method: readUploadDate]]>
  </system-out>
</testsuite> <!-- testCases.SearchResultsReferencesValidation -->
