<?xml version="1.0" encoding="UTF-8"?>
<!-- Generated by org.testng.reporters.JUnitReportReporter -->
<testsuite hostname="JessesHP" failures="0" tests="1" name="testCases.UploadFiles" time="23.617" errors="1" timestamp="2023-08-07T09:41:21 EDT" skipped="0">
  <testcase classname="testCases.UploadFiles" name="uploadFiles" time="23.617">
    <error message="There are multiple cells in column index 0 with the value SQA Test A - Software Testing Overview.pdf. Cannot determine a unique value." type="java.lang.RuntimeException">
      <![CDATA[java.lang.RuntimeException: There are multiple cells in column index 0 with the value SQA Test A - Software Testing Overview.pdf. Cannot determine a unique value.
at utilities.DiTables.getRowIndex(DiTables.java:879)
at utilities.DiTables.isRowInTableByValue(DiTables.java:428)
at testCases.UploadFiles.uploadFiles(UploadFiles.java:79)
at java.base/jdk.internal.reflect.NativeMethodAccessorImpl.invoke0(Native Method)
at java.base/jdk.internal.reflect.NativeMethodAccessorImpl.invoke(NativeMethodAccessorImpl.java:77)
at java.base/jdk.internal.reflect.DelegatingMethodAccessorImpl.invoke(DelegatingMethodAccessorImpl.java:43)
at java.base/java.lang.reflect.Method.invoke(Method.java:568)
at org.testng.internal.invokers.MethodInvocationHelper.invokeMethod(MethodInvocationHelper.java:139)
at org.testng.internal.invokers.TestInvoker.invokeMethod(TestInvoker.java:677)
at org.testng.internal.invokers.TestInvoker.invokeTestMethod(TestInvoker.java:221)
at org.testng.internal.invokers.MethodRunner.runInSequence(MethodRunner.java:50)
at org.testng.internal.invokers.TestInvoker$MethodInvocationAgent.invoke(TestInvoker.java:969)
at org.testng.internal.invokers.TestInvoker.invokeTestMethods(TestInvoker.java:194)
at org.testng.internal.invokers.TestMethodWorker.invokeTestMethods(TestMethodWorker.java:148)
at org.testng.internal.invokers.TestMethodWorker.run(TestMethodWorker.java:128)
at java.base/java.util.concurrent.ThreadPoolExecutor.runWorker(ThreadPoolExecutor.java:1136)
at java.base/java.util.concurrent.ThreadPoolExecutor$Worker.run(ThreadPoolExecutor.java:635)
at java.base/java.lang.Thread.run(Thread.java:833)
]]>
    </error>
  </testcase> <!-- uploadFiles -->
  <system-out>
    <![CDATA[Beginning Login Modular Test...
Waiting for page to load completely...
The page '' is fully loaded now.
Method: setEmail
Method: setPassword
Method: readEmail
Email Address: jesse.childress@aretecinc.com
Method: readEmail
Method: clickLogin
Waiting for page to load completely...
The page '' is fully loaded now.
Expected URL: https://test.dataimagineers.ai/
Current URL : https://test.dataimagineers.ai/login
Waiting for page to load completely...
The page 'Test App' is fully loaded now.
Expected URL: https://test.dataimagineers.ai/
Current URL : https://test.dataimagineers.ai/
Method: clickDocumentsSlideMenuLink
Waiting for page to load completely...
The page 'Test App' is fully loaded now.
Expected URL: https://test.dataimagineers.ai/documents
Current URL : https://test.dataimagineers.ai/documents
Method: selectDomain
Method: clickDomains
Method: openClosedDomains
Method: clickSearchDomains
Waiting for page to load completely...
The page 'Test App' is fully loaded now.
Beginning isRowInTable search for 'SQA Test A - Software Testing Overview.pdf' in column 'File Name(s)'.
Method: getPaginationPageNumber
Currently on table page: 1]]>
  </system-out>
</testsuite> <!-- testCases.UploadFiles -->
