<html>
<head>
<title>TestNG:  Default test</title>
<link href="../testng.css" rel="stylesheet" type="text/css" />
<link href="../my-testng.css" rel="stylesheet" type="text/css" />

<style type="text/css">
.log { display: none;} 
.stack-trace { display: none;} 
</style>
<script type="text/javascript">
<!--
function flip(e) {
  current = e.style.display;
  if (current == 'block') {
    e.style.display = 'none';
    return 0;
  }
  else {
    e.style.display = 'block';
    return 1;
  }
}

function toggleBox(szDivId, elem, msg1, msg2)
{
  var res = -1;  if (document.getElementById) {
    res = flip(document.getElementById(szDivId));
  }
  else if (document.all) {
    // this is the way old msie versions work
    res = flip(document.all[szDivId]);
  }
  if(elem) {
    if(res == 0) elem.innerHTML = msg1; else elem.innerHTML = msg2;
  }

}

function toggleAllBoxes() {
  if (document.getElementsByTagName) {
    d = document.getElementsByTagName('div');
    for (i = 0; i < d.length; i++) {
      if (d[i].className == 'log') {
        flip(d[i]);
      }
    }
  }
}

// -->
</script>

</head>
<body>
<h2 align='center'>Default test</h2><table border='1' align="center">
<tr>
<td>Tests passed/Failed/Skipped:</td><td>0/5/0</td>
</tr><tr>
<td>Started on:</td><td>Fri Jul 28 15:57:26 EDT 2023</td>
</tr>
<tr><td>Total time:</td><td>136 seconds (136911 ms)</td>
</tr><tr>
<td>Included groups:</td><td></td>
</tr><tr>
<td>Excluded groups:</td><td></td>
</tr>
</table><p/>
<small><i>(Hover the method name to see the test class name)</i></small><p/>
<table width='100%' border='1' class='invocation-failed'>
<tr><td colspan='4' align='center'><b>FAILED TESTS</b></td></tr>
<tr><td><b>Test method</b></td>
<td><b>Attribute(s)</b></td>
<td width="30%"><b>Exception</b></td>
<td width="10%"><b>Time (seconds)</b></td>
<td><b>Instance</b></td>
</tr>
<tr>
<td title='testCases.SearchResultsReferencesValidation.searchReferencesValidation()'><b>searchReferencesValidation</b><br>Test class: testCases.SearchResultsReferencesValidation<br/>
<a href="#Output-573414735" onClick='toggleBox("Output-573414735", this, "Show output", "Hide output");'>Show output</a>

<a href="#Output-573414735" onClick="toggleAllBoxes();">Show all outputs</a>
<div class='log' id="Output-573414735">
Beginning test for Search Results > References...<br/>
Beginning Login Modular Test...<br/>
Waiting for page to load completely...<br/>
The page '' is fully loaded now.<br/>
Method: setEmail<br/>
Method: setPassword<br/>
Method: readEmail<br/>
Email Address: jesse.childress@aretecinc.com<br/>
Method: readEmail<br/>
Method: clickLogin<br/>
Waiting for page to load completely...<br/>
The page '' is fully loaded now.<br/>
Expected URL: https://test.dataimagineers.ai/<br/>
Current URL : https://test.dataimagineers.ai/<br/>
Beginning Search Modular Test...
This is for the main search page from login...<br/>
Waiting for page to load completely...<br/>
The page 'Test App' is fully loaded now.<br/>
Expected URL: https://test.dataimagineers.ai/<br/>
Current URL : https://test.dataimagineers.ai/<br/>
Method: clickAllDomainsButton<br/>
Method: openClosedDomains<br/>
Method: selectDomain<br/>
Method: clickAllDomainsButton<br/>
All Domains Button already clicked. Menus already present on page.<br/>
Method: openClosedDomains<br/>
Method: setSearchField<br/>
Method: readSearchField<br/>
Waiting for page to load completely...<br/>
The page 'Test App' is fully loaded now.<br/>
Expected URL: https://test.dataimagineers.ai/search-result.*<br/>
Current URL : https://test.dataimagineers.ai/search-result?search=How%20can%20Aretec%20benefit%20from%20Software%20Quality%20Assurance%20Testing?<br/>
Waiting for page to load completely...<br/>
The page 'Test App' is fully loaded now.<br/>
Method: readAnswer<br/>
Method: waitForAnswerGeneration<br/>
Waited on Answer text for: 2 seconds.<br/>
Method: readFileName<br/>
Method: readUploadDate<br/>
</div>
</td>
<td><div><pre>java.lang.AssertionError: Search Results Page &gt; References &gt; Date format xxxx-xx-xx expected [true] but found [false]
	at org.testng.Assert.fail(Assert.java:110)
	at org.testng.Assert.failNotEquals(Assert.java:1577)
	at org.testng.Assert.assertTrue(Assert.java:56)
	at testCases.SearchResultsReferencesValidation.searchReferencesValidation(SearchResultsReferencesValidation.java:41)
	at java.base/jdk.internal.reflect.NativeMethodAccessorImpl.invoke0(Native Method)
	at java.base/jdk.internal.reflect.NativeMethodAccessorImpl.invoke(NativeMethodAccessorImpl.java:77)
	at java.base/jdk.internal.reflect.DelegatingMethodAccessorImpl.invoke(DelegatingMethodAccessorImpl.java:43)
	at java.base/java.lang.reflect.Method.invoke(Method.java:568)
	at org.testng.internal.invokers.MethodInvocationHelper.invokeMethod(MethodInvocationHelper.java:139)
	at org.testng.internal.invokers.TestInvoker.invokeMethod(TestInvoker.java:677)
	at org.testng.internal.invokers.TestInvoker.invokeTestMethod(TestInvoker.java:221)
	at org.testng.internal.invokers.MethodRunner.runInSequence(MethodRunner.java:50)
	at org.testng.internal.invokers.TestInvoker$MethodInvocationAgent.invoke(TestInvoker.java:969)
	at org.testng.internal.invokers.TestInvoker.invokeTestMethods(TestInvoker.java:194)
	at org.testng.internal.invokers.TestMethodWorker.invokeTestMethods(TestMethodWorker.java:148)
	at org.testng.internal.invokers.TestMethodWorker.run(TestMethodWorker.java:128)
	at java.base/java.util.ArrayList.forEach(ArrayList.java:1511)
	at org.testng.TestRunner.privateRun(TestRunner.java:829)
	at org.testng.TestRunner.run(TestRunner.java:602)
	at org.testng.SuiteRunner.runTest(SuiteRunner.java:437)
	at org.testng.SuiteRunner.runSequentially(SuiteRunner.java:431)
	at org.testng.SuiteRunner.privateRun(SuiteRunner.java:391)
	at org.testng.SuiteRunner.run(SuiteRunner.java:330)
	at org.testng.SuiteRunnerWorker.runSuite(SuiteRunnerWorker.java:52)
	at org.testng.SuiteRunnerWorker.run(SuiteRunnerWorker.java:95)
	at org.testng.TestNG.runSuitesSequentially(TestNG.java:1256)
	at org.testng.TestNG.runSuitesLocally(TestNG.java:1176)
	at org.testng.TestNG.runSuites(TestNG.java:1099)
	at org.testng.TestNG.run(TestNG.java:1067)
	at org.testng.remote.AbstractRemoteTestNG.run(AbstractRemoteTestNG.java:115)
	at org.testng.remote.RemoteTestNG.initAndRun(RemoteTestNG.java:251)
	at org.testng.remote.RemoteTestNG.main(RemoteTestNG.java:77)
</pre></div><a href='#' onClick='toggleBox("stack-trace573414735", this, "Click to show all stack frames", "Click to hide stack frames")'>Click to show all stack frames</a>
<div class='stack-trace' id='stack-trace573414735'><pre>java.lang.AssertionError: Search Results Page &gt; References &gt; Date format xxxx-xx-xx expected [true] but found [false]
	at org.testng.Assert.fail(Assert.java:110)
	at org.testng.Assert.failNotEquals(Assert.java:1577)
	at org.testng.Assert.assertTrue(Assert.java:56)
	at testCases.SearchResultsReferencesValidation.searchReferencesValidation(SearchResultsReferencesValidation.java:41)
	at java.base/jdk.internal.reflect.NativeMethodAccessorImpl.invoke0(Native Method)
	at java.base/jdk.internal.reflect.NativeMethodAccessorImpl.invoke(NativeMethodAccessorImpl.java:77)
	at java.base/jdk.internal.reflect.DelegatingMethodAccessorImpl.invoke(DelegatingMethodAccessorImpl.java:43)
	at java.base/java.lang.reflect.Method.invoke(Method.java:568)
	at org.testng.internal.invokers.MethodInvocationHelper.invokeMethod(MethodInvocationHelper.java:139)
	at org.testng.internal.invokers.TestInvoker.invokeMethod(TestInvoker.java:677)
	at org.testng.internal.invokers.TestInvoker.invokeTestMethod(TestInvoker.java:221)
	at org.testng.internal.invokers.MethodRunner.runInSequence(MethodRunner.java:50)
	at org.testng.internal.invokers.TestInvoker$MethodInvocationAgent.invoke(TestInvoker.java:969)
	at org.testng.internal.invokers.TestInvoker.invokeTestMethods(TestInvoker.java:194)
	at org.testng.internal.invokers.TestMethodWorker.invokeTestMethods(TestMethodWorker.java:148)
	at org.testng.internal.invokers.TestMethodWorker.run(TestMethodWorker.java:128)
	at java.base/java.util.ArrayList.forEach(ArrayList.java:1511)
	at org.testng.TestRunner.privateRun(TestRunner.java:829)
	at org.testng.TestRunner.run(TestRunner.java:602)
	at org.testng.SuiteRunner.runTest(SuiteRunner.java:437)
	at org.testng.SuiteRunner.runSequentially(SuiteRunner.java:431)
	at org.testng.SuiteRunner.privateRun(SuiteRunner.java:391)
	at org.testng.SuiteRunner.run(SuiteRunner.java:330)
	at org.testng.SuiteRunnerWorker.runSuite(SuiteRunnerWorker.java:52)
	at org.testng.SuiteRunnerWorker.run(SuiteRunnerWorker.java:95)
	at org.testng.TestNG.runSuitesSequentially(TestNG.java:1256)
	at org.testng.TestNG.runSuitesLocally(TestNG.java:1176)
	at org.testng.TestNG.runSuites(TestNG.java:1099)
	at org.testng.TestNG.run(TestNG.java:1067)
	at org.testng.remote.AbstractRemoteTestNG.run(AbstractRemoteTestNG.java:115)
	at org.testng.remote.RemoteTestNG.initAndRun(RemoteTestNG.java:251)
	at org.testng.remote.RemoteTestNG.main(RemoteTestNG.java:77)
</pre></div></td>
<td>24</td>
<td>testCases.SearchResultsReferencesValidation@7ae0a9ec</td></tr>
<tr>
<td title='testCases.SearchResultsReferencesValidation.searchReferencesValidation()'><b>searchReferencesValidation</b><br>Test class: testCases.SearchResultsReferencesValidation<br/>
<a href="#Output-1401633928" onClick='toggleBox("Output-1401633928", this, "Show output", "Hide output");'>Show output</a>

<a href="#Output-1401633928" onClick="toggleAllBoxes();">Show all outputs</a>
<div class='log' id="Output-1401633928">
Beginning test for Search Results > References...<br/>
Beginning Login Modular Test...<br/>
Waiting for page to load completely...<br/>
The page '' is fully loaded now.<br/>
Method: setEmail<br/>
Method: setPassword<br/>
Method: readEmail<br/>
Email Address: jesse.childress@aretecinc.com<br/>
Method: readEmail<br/>
Method: clickLogin<br/>
Waiting for page to load completely...<br/>
The page '' is fully loaded now.<br/>
Expected URL: https://test.dataimagineers.ai/<br/>
Current URL : https://test.dataimagineers.ai/<br/>
Beginning Search Modular Test...
This is for the main search page from login...<br/>
Waiting for page to load completely...<br/>
The page 'Test App' is fully loaded now.<br/>
Expected URL: https://test.dataimagineers.ai/<br/>
Current URL : https://test.dataimagineers.ai/<br/>
Method: clickAllDomainsButton<br/>
Method: openClosedDomains<br/>
Method: selectDomain<br/>
Method: clickAllDomainsButton<br/>
All Domains Button already clicked. Menus already present on page.<br/>
Method: openClosedDomains<br/>
Method: setSearchField<br/>
Method: readSearchField<br/>
Waiting for page to load completely...<br/>
The page 'Test App' is fully loaded now.<br/>
Expected URL: https://test.dataimagineers.ai/search-result.*<br/>
Current URL : https://test.dataimagineers.ai/search-result?search=How%20can%20Aretec%20benefit%20from%20Software%20Quality%20Assurance%20Testing?<br/>
Waiting for page to load completely...<br/>
The page 'Test App' is fully loaded now.<br/>
Method: readAnswer<br/>
Method: waitForAnswerGeneration<br/>
Waited on Answer text for: 2 seconds.<br/>
Method: readFileName<br/>
Method: readUploadDate<br/>
</div>
</td>
<td><div><pre>java.lang.AssertionError: Search Results Page &gt; References &gt; Date format xxxx-xx-xx expected [true] but found [false]
	at org.testng.Assert.fail(Assert.java:110)
	at org.testng.Assert.failNotEquals(Assert.java:1577)
	at org.testng.Assert.assertTrue(Assert.java:56)
	at testCases.SearchResultsReferencesValidation.searchReferencesValidation(SearchResultsReferencesValidation.java:41)
	at java.base/jdk.internal.reflect.NativeMethodAccessorImpl.invoke0(Native Method)
	at java.base/jdk.internal.reflect.NativeMethodAccessorImpl.invoke(NativeMethodAccessorImpl.java:77)
	at java.base/jdk.internal.reflect.DelegatingMethodAccessorImpl.invoke(DelegatingMethodAccessorImpl.java:43)
	at java.base/java.lang.reflect.Method.invoke(Method.java:568)
	at org.testng.internal.invokers.MethodInvocationHelper.invokeMethod(MethodInvocationHelper.java:139)
	at org.testng.internal.invokers.TestInvoker.invokeMethod(TestInvoker.java:677)
	at org.testng.internal.invokers.TestInvoker.invokeTestMethod(TestInvoker.java:221)
	at org.testng.internal.invokers.MethodRunner.runInSequence(MethodRunner.java:50)
	at org.testng.internal.invokers.TestInvoker$MethodInvocationAgent.invoke(TestInvoker.java:969)
	at org.testng.internal.invokers.TestInvoker.invokeTestMethods(TestInvoker.java:194)
	at org.testng.internal.invokers.TestMethodWorker.invokeTestMethods(TestMethodWorker.java:148)
	at org.testng.internal.invokers.TestMethodWorker.run(TestMethodWorker.java:128)
	at java.base/java.util.ArrayList.forEach(ArrayList.java:1511)
	at org.testng.TestRunner.privateRun(TestRunner.java:829)
	at org.testng.TestRunner.run(TestRunner.java:602)
	at org.testng.SuiteRunner.runTest(SuiteRunner.java:437)
	at org.testng.SuiteRunner.runSequentially(SuiteRunner.java:431)
	at org.testng.SuiteRunner.privateRun(SuiteRunner.java:391)
	at org.testng.SuiteRunner.run(SuiteRunner.java:330)
	at org.testng.SuiteRunnerWorker.runSuite(SuiteRunnerWorker.java:52)
	at org.testng.SuiteRunnerWorker.run(SuiteRunnerWorker.java:95)
	at org.testng.TestNG.runSuitesSequentially(TestNG.java:1256)
	at org.testng.TestNG.runSuitesLocally(TestNG.java:1176)
	at org.testng.TestNG.runSuites(TestNG.java:1099)
	at org.testng.TestNG.run(TestNG.java:1067)
	at org.testng.remote.AbstractRemoteTestNG.run(AbstractRemoteTestNG.java:115)
	at org.testng.remote.RemoteTestNG.initAndRun(RemoteTestNG.java:251)
	at org.testng.remote.RemoteTestNG.main(RemoteTestNG.java:77)
</pre></div><a href='#' onClick='toggleBox("stack-trace1401633928", this, "Click to show all stack frames", "Click to hide stack frames")'>Click to show all stack frames</a>
<div class='stack-trace' id='stack-trace1401633928'><pre>java.lang.AssertionError: Search Results Page &gt; References &gt; Date format xxxx-xx-xx expected [true] but found [false]
	at org.testng.Assert.fail(Assert.java:110)
	at org.testng.Assert.failNotEquals(Assert.java:1577)
	at org.testng.Assert.assertTrue(Assert.java:56)
	at testCases.SearchResultsReferencesValidation.searchReferencesValidation(SearchResultsReferencesValidation.java:41)
	at java.base/jdk.internal.reflect.NativeMethodAccessorImpl.invoke0(Native Method)
	at java.base/jdk.internal.reflect.NativeMethodAccessorImpl.invoke(NativeMethodAccessorImpl.java:77)
	at java.base/jdk.internal.reflect.DelegatingMethodAccessorImpl.invoke(DelegatingMethodAccessorImpl.java:43)
	at java.base/java.lang.reflect.Method.invoke(Method.java:568)
	at org.testng.internal.invokers.MethodInvocationHelper.invokeMethod(MethodInvocationHelper.java:139)
	at org.testng.internal.invokers.TestInvoker.invokeMethod(TestInvoker.java:677)
	at org.testng.internal.invokers.TestInvoker.invokeTestMethod(TestInvoker.java:221)
	at org.testng.internal.invokers.MethodRunner.runInSequence(MethodRunner.java:50)
	at org.testng.internal.invokers.TestInvoker$MethodInvocationAgent.invoke(TestInvoker.java:969)
	at org.testng.internal.invokers.TestInvoker.invokeTestMethods(TestInvoker.java:194)
	at org.testng.internal.invokers.TestMethodWorker.invokeTestMethods(TestMethodWorker.java:148)
	at org.testng.internal.invokers.TestMethodWorker.run(TestMethodWorker.java:128)
	at java.base/java.util.ArrayList.forEach(ArrayList.java:1511)
	at org.testng.TestRunner.privateRun(TestRunner.java:829)
	at org.testng.TestRunner.run(TestRunner.java:602)
	at org.testng.SuiteRunner.runTest(SuiteRunner.java:437)
	at org.testng.SuiteRunner.runSequentially(SuiteRunner.java:431)
	at org.testng.SuiteRunner.privateRun(SuiteRunner.java:391)
	at org.testng.SuiteRunner.run(SuiteRunner.java:330)
	at org.testng.SuiteRunnerWorker.runSuite(SuiteRunnerWorker.java:52)
	at org.testng.SuiteRunnerWorker.run(SuiteRunnerWorker.java:95)
	at org.testng.TestNG.runSuitesSequentially(TestNG.java:1256)
	at org.testng.TestNG.runSuitesLocally(TestNG.java:1176)
	at org.testng.TestNG.runSuites(TestNG.java:1099)
	at org.testng.TestNG.run(TestNG.java:1067)
	at org.testng.remote.AbstractRemoteTestNG.run(AbstractRemoteTestNG.java:115)
	at org.testng.remote.RemoteTestNG.initAndRun(RemoteTestNG.java:251)
	at org.testng.remote.RemoteTestNG.main(RemoteTestNG.java:77)
</pre></div></td>
<td>24</td>
<td>testCases.SearchResultsReferencesValidation@7ae0a9ec</td></tr>
<tr>
<td title='testCases.SearchResultsReferencesValidation.searchReferencesValidation()'><b>searchReferencesValidation</b><br>Test class: testCases.SearchResultsReferencesValidation<br/>
<a href="#Output-1794314439" onClick='toggleBox("Output-1794314439", this, "Show output", "Hide output");'>Show output</a>

<a href="#Output-1794314439" onClick="toggleAllBoxes();">Show all outputs</a>
<div class='log' id="Output-1794314439">
Beginning test for Search Results > References...<br/>
Beginning Login Modular Test...<br/>
Waiting for page to load completely...<br/>
The page '' is fully loaded now.<br/>
Method: setEmail<br/>
Method: setPassword<br/>
Method: readEmail<br/>
Email Address: jesse.childress@aretecinc.com<br/>
Method: readEmail<br/>
Method: clickLogin<br/>
Waiting for page to load completely...<br/>
The page '' is fully loaded now.<br/>
Expected URL: https://test.dataimagineers.ai/<br/>
Current URL : https://test.dataimagineers.ai/<br/>
Beginning Search Modular Test...
This is for the main search page from login...<br/>
Waiting for page to load completely...<br/>
The page '' is fully loaded now.<br/>
Expected URL: https://test.dataimagineers.ai/<br/>
Current URL : https://test.dataimagineers.ai/<br/>
Method: clickAllDomainsButton<br/>
Method: openClosedDomains<br/>
Method: selectDomain<br/>
Method: clickAllDomainsButton<br/>
All Domains Button already clicked. Menus already present on page.<br/>
Method: openClosedDomains<br/>
Method: setSearchField<br/>
Method: readSearchField<br/>
Waiting for page to load completely...<br/>
The page 'Test App' is fully loaded now.<br/>
Expected URL: https://test.dataimagineers.ai/search-result.*<br/>
Current URL : https://test.dataimagineers.ai/search-result?search=How%20can%20Aretec%20benefit%20from%20Software%20Quality%20Assurance%20Testing?<br/>
Waiting for page to load completely...<br/>
The page 'Test App' is fully loaded now.<br/>
Method: readAnswer<br/>
Method: waitForAnswerGeneration<br/>
Waited on Answer text for: 2 seconds.<br/>
Method: readFileName<br/>
Method: readUploadDate<br/>
</div>
</td>
<td><div><pre>java.lang.AssertionError: Search Results Page &gt; References &gt; Date format xxxx-xx-xx expected [true] but found [false]
	at org.testng.Assert.fail(Assert.java:110)
	at org.testng.Assert.failNotEquals(Assert.java:1577)
	at org.testng.Assert.assertTrue(Assert.java:56)
	at testCases.SearchResultsReferencesValidation.searchReferencesValidation(SearchResultsReferencesValidation.java:41)
	at java.base/jdk.internal.reflect.NativeMethodAccessorImpl.invoke0(Native Method)
	at java.base/jdk.internal.reflect.NativeMethodAccessorImpl.invoke(NativeMethodAccessorImpl.java:77)
	at java.base/jdk.internal.reflect.DelegatingMethodAccessorImpl.invoke(DelegatingMethodAccessorImpl.java:43)
	at java.base/java.lang.reflect.Method.invoke(Method.java:568)
	at org.testng.internal.invokers.MethodInvocationHelper.invokeMethod(MethodInvocationHelper.java:139)
	at org.testng.internal.invokers.TestInvoker.invokeMethod(TestInvoker.java:677)
	at org.testng.internal.invokers.TestInvoker.invokeTestMethod(TestInvoker.java:221)
	at org.testng.internal.invokers.MethodRunner.runInSequence(MethodRunner.java:50)
	at org.testng.internal.invokers.TestInvoker$MethodInvocationAgent.invoke(TestInvoker.java:969)
	at org.testng.internal.invokers.TestInvoker.invokeTestMethods(TestInvoker.java:194)
	at org.testng.internal.invokers.TestMethodWorker.invokeTestMethods(TestMethodWorker.java:148)
	at org.testng.internal.invokers.TestMethodWorker.run(TestMethodWorker.java:128)
	at java.base/java.util.ArrayList.forEach(ArrayList.java:1511)
	at org.testng.TestRunner.privateRun(TestRunner.java:829)
	at org.testng.TestRunner.run(TestRunner.java:602)
	at org.testng.SuiteRunner.runTest(SuiteRunner.java:437)
	at org.testng.SuiteRunner.runSequentially(SuiteRunner.java:431)
	at org.testng.SuiteRunner.privateRun(SuiteRunner.java:391)
	at org.testng.SuiteRunner.run(SuiteRunner.java:330)
	at org.testng.SuiteRunnerWorker.runSuite(SuiteRunnerWorker.java:52)
	at org.testng.SuiteRunnerWorker.run(SuiteRunnerWorker.java:95)
	at org.testng.TestNG.runSuitesSequentially(TestNG.java:1256)
	at org.testng.TestNG.runSuitesLocally(TestNG.java:1176)
	at org.testng.TestNG.runSuites(TestNG.java:1099)
	at org.testng.TestNG.run(TestNG.java:1067)
	at org.testng.remote.AbstractRemoteTestNG.run(AbstractRemoteTestNG.java:115)
	at org.testng.remote.RemoteTestNG.initAndRun(RemoteTestNG.java:251)
	at org.testng.remote.RemoteTestNG.main(RemoteTestNG.java:77)
</pre></div><a href='#' onClick='toggleBox("stack-trace1794314439", this, "Click to show all stack frames", "Click to hide stack frames")'>Click to show all stack frames</a>
<div class='stack-trace' id='stack-trace1794314439'><pre>java.lang.AssertionError: Search Results Page &gt; References &gt; Date format xxxx-xx-xx expected [true] but found [false]
	at org.testng.Assert.fail(Assert.java:110)
	at org.testng.Assert.failNotEquals(Assert.java:1577)
	at org.testng.Assert.assertTrue(Assert.java:56)
	at testCases.SearchResultsReferencesValidation.searchReferencesValidation(SearchResultsReferencesValidation.java:41)
	at java.base/jdk.internal.reflect.NativeMethodAccessorImpl.invoke0(Native Method)
	at java.base/jdk.internal.reflect.NativeMethodAccessorImpl.invoke(NativeMethodAccessorImpl.java:77)
	at java.base/jdk.internal.reflect.DelegatingMethodAccessorImpl.invoke(DelegatingMethodAccessorImpl.java:43)
	at java.base/java.lang.reflect.Method.invoke(Method.java:568)
	at org.testng.internal.invokers.MethodInvocationHelper.invokeMethod(MethodInvocationHelper.java:139)
	at org.testng.internal.invokers.TestInvoker.invokeMethod(TestInvoker.java:677)
	at org.testng.internal.invokers.TestInvoker.invokeTestMethod(TestInvoker.java:221)
	at org.testng.internal.invokers.MethodRunner.runInSequence(MethodRunner.java:50)
	at org.testng.internal.invokers.TestInvoker$MethodInvocationAgent.invoke(TestInvoker.java:969)
	at org.testng.internal.invokers.TestInvoker.invokeTestMethods(TestInvoker.java:194)
	at org.testng.internal.invokers.TestMethodWorker.invokeTestMethods(TestMethodWorker.java:148)
	at org.testng.internal.invokers.TestMethodWorker.run(TestMethodWorker.java:128)
	at java.base/java.util.ArrayList.forEach(ArrayList.java:1511)
	at org.testng.TestRunner.privateRun(TestRunner.java:829)
	at org.testng.TestRunner.run(TestRunner.java:602)
	at org.testng.SuiteRunner.runTest(SuiteRunner.java:437)
	at org.testng.SuiteRunner.runSequentially(SuiteRunner.java:431)
	at org.testng.SuiteRunner.privateRun(SuiteRunner.java:391)
	at org.testng.SuiteRunner.run(SuiteRunner.java:330)
	at org.testng.SuiteRunnerWorker.runSuite(SuiteRunnerWorker.java:52)
	at org.testng.SuiteRunnerWorker.run(SuiteRunnerWorker.java:95)
	at org.testng.TestNG.runSuitesSequentially(TestNG.java:1256)
	at org.testng.TestNG.runSuitesLocally(TestNG.java:1176)
	at org.testng.TestNG.runSuites(TestNG.java:1099)
	at org.testng.TestNG.run(TestNG.java:1067)
	at org.testng.remote.AbstractRemoteTestNG.run(AbstractRemoteTestNG.java:115)
	at org.testng.remote.RemoteTestNG.initAndRun(RemoteTestNG.java:251)
	at org.testng.remote.RemoteTestNG.main(RemoteTestNG.java:77)
</pre></div></td>
<td>24</td>
<td>testCases.SearchResultsReferencesValidation@7ae0a9ec</td></tr>
<tr>
<td title='testCases.SearchResultsReferencesValidation.searchReferencesValidation()'><b>searchReferencesValidation</b><br>Test class: testCases.SearchResultsReferencesValidation<br/>
<a href="#Output-739574607" onClick='toggleBox("Output-739574607", this, "Show output", "Hide output");'>Show output</a>

<a href="#Output-739574607" onClick="toggleAllBoxes();">Show all outputs</a>
<div class='log' id="Output-739574607">
Beginning test for Search Results > References...<br/>
Beginning Login Modular Test...<br/>
Waiting for page to load completely...<br/>
The page '' is fully loaded now.<br/>
Method: setEmail<br/>
Method: setPassword<br/>
Method: readEmail<br/>
Email Address: jesse.childress@aretecinc.com<br/>
Method: readEmail<br/>
Method: clickLogin<br/>
Waiting for page to load completely...<br/>
The page '' is fully loaded now.<br/>
Expected URL: https://test.dataimagineers.ai/<br/>
Current URL : https://test.dataimagineers.ai/<br/>
Beginning Search Modular Test...
This is for the main search page from login...<br/>
Waiting for page to load completely...<br/>
The page 'Test App' is fully loaded now.<br/>
Expected URL: https://test.dataimagineers.ai/<br/>
Current URL : https://test.dataimagineers.ai/<br/>
Method: clickAllDomainsButton<br/>
Method: openClosedDomains<br/>
Method: selectDomain<br/>
Method: clickAllDomainsButton<br/>
All Domains Button already clicked. Menus already present on page.<br/>
Method: openClosedDomains<br/>
Method: setSearchField<br/>
Method: readSearchField<br/>
Waiting for page to load completely...<br/>
The page 'Test App' is fully loaded now.<br/>
Expected URL: https://test.dataimagineers.ai/search-result.*<br/>
Current URL : https://test.dataimagineers.ai/search-result?search=How%20can%20Aretec%20benefit%20from%20Software%20Quality%20Assurance%20Testing?<br/>
Waiting for page to load completely...<br/>
The page 'Test App' is fully loaded now.<br/>
Method: readAnswer<br/>
Method: waitForAnswerGeneration<br/>
Waited on Answer text for: 2 seconds.<br/>
Method: readFileName<br/>
Method: readUploadDate<br/>
</div>
</td>
<td><div><pre>java.lang.AssertionError: Search Results Page &gt; References &gt; Date format xxxx-xx-xx expected [true] but found [false]
	at org.testng.Assert.fail(Assert.java:110)
	at org.testng.Assert.failNotEquals(Assert.java:1577)
	at org.testng.Assert.assertTrue(Assert.java:56)
	at testCases.SearchResultsReferencesValidation.searchReferencesValidation(SearchResultsReferencesValidation.java:41)
	at java.base/jdk.internal.reflect.NativeMethodAccessorImpl.invoke0(Native Method)
	at java.base/jdk.internal.reflect.NativeMethodAccessorImpl.invoke(NativeMethodAccessorImpl.java:77)
	at java.base/jdk.internal.reflect.DelegatingMethodAccessorImpl.invoke(DelegatingMethodAccessorImpl.java:43)
	at java.base/java.lang.reflect.Method.invoke(Method.java:568)
	at org.testng.internal.invokers.MethodInvocationHelper.invokeMethod(MethodInvocationHelper.java:139)
	at org.testng.internal.invokers.TestInvoker.invokeMethod(TestInvoker.java:677)
	at org.testng.internal.invokers.TestInvoker.invokeTestMethod(TestInvoker.java:221)
	at org.testng.internal.invokers.MethodRunner.runInSequence(MethodRunner.java:50)
	at org.testng.internal.invokers.TestInvoker$MethodInvocationAgent.invoke(TestInvoker.java:969)
	at org.testng.internal.invokers.TestInvoker.invokeTestMethods(TestInvoker.java:194)
	at org.testng.internal.invokers.TestMethodWorker.invokeTestMethods(TestMethodWorker.java:148)
	at org.testng.internal.invokers.TestMethodWorker.run(TestMethodWorker.java:128)
	at java.base/java.util.ArrayList.forEach(ArrayList.java:1511)
	at org.testng.TestRunner.privateRun(TestRunner.java:829)
	at org.testng.TestRunner.run(TestRunner.java:602)
	at org.testng.SuiteRunner.runTest(SuiteRunner.java:437)
	at org.testng.SuiteRunner.runSequentially(SuiteRunner.java:431)
	at org.testng.SuiteRunner.privateRun(SuiteRunner.java:391)
	at org.testng.SuiteRunner.run(SuiteRunner.java:330)
	at org.testng.SuiteRunnerWorker.runSuite(SuiteRunnerWorker.java:52)
	at org.testng.SuiteRunnerWorker.run(SuiteRunnerWorker.java:95)
	at org.testng.TestNG.runSuitesSequentially(TestNG.java:1256)
	at org.testng.TestNG.runSuitesLocally(TestNG.java:1176)
	at org.testng.TestNG.runSuites(TestNG.java:1099)
	at org.testng.TestNG.run(TestNG.java:1067)
	at org.testng.remote.AbstractRemoteTestNG.run(AbstractRemoteTestNG.java:115)
	at org.testng.remote.RemoteTestNG.initAndRun(RemoteTestNG.java:251)
	at org.testng.remote.RemoteTestNG.main(RemoteTestNG.java:77)
</pre></div><a href='#' onClick='toggleBox("stack-trace739574607", this, "Click to show all stack frames", "Click to hide stack frames")'>Click to show all stack frames</a>
<div class='stack-trace' id='stack-trace739574607'><pre>java.lang.AssertionError: Search Results Page &gt; References &gt; Date format xxxx-xx-xx expected [true] but found [false]
	at org.testng.Assert.fail(Assert.java:110)
	at org.testng.Assert.failNotEquals(Assert.java:1577)
	at org.testng.Assert.assertTrue(Assert.java:56)
	at testCases.SearchResultsReferencesValidation.searchReferencesValidation(SearchResultsReferencesValidation.java:41)
	at java.base/jdk.internal.reflect.NativeMethodAccessorImpl.invoke0(Native Method)
	at java.base/jdk.internal.reflect.NativeMethodAccessorImpl.invoke(NativeMethodAccessorImpl.java:77)
	at java.base/jdk.internal.reflect.DelegatingMethodAccessorImpl.invoke(DelegatingMethodAccessorImpl.java:43)
	at java.base/java.lang.reflect.Method.invoke(Method.java:568)
	at org.testng.internal.invokers.MethodInvocationHelper.invokeMethod(MethodInvocationHelper.java:139)
	at org.testng.internal.invokers.TestInvoker.invokeMethod(TestInvoker.java:677)
	at org.testng.internal.invokers.TestInvoker.invokeTestMethod(TestInvoker.java:221)
	at org.testng.internal.invokers.MethodRunner.runInSequence(MethodRunner.java:50)
	at org.testng.internal.invokers.TestInvoker$MethodInvocationAgent.invoke(TestInvoker.java:969)
	at org.testng.internal.invokers.TestInvoker.invokeTestMethods(TestInvoker.java:194)
	at org.testng.internal.invokers.TestMethodWorker.invokeTestMethods(TestMethodWorker.java:148)
	at org.testng.internal.invokers.TestMethodWorker.run(TestMethodWorker.java:128)
	at java.base/java.util.ArrayList.forEach(ArrayList.java:1511)
	at org.testng.TestRunner.privateRun(TestRunner.java:829)
	at org.testng.TestRunner.run(TestRunner.java:602)
	at org.testng.SuiteRunner.runTest(SuiteRunner.java:437)
	at org.testng.SuiteRunner.runSequentially(SuiteRunner.java:431)
	at org.testng.SuiteRunner.privateRun(SuiteRunner.java:391)
	at org.testng.SuiteRunner.run(SuiteRunner.java:330)
	at org.testng.SuiteRunnerWorker.runSuite(SuiteRunnerWorker.java:52)
	at org.testng.SuiteRunnerWorker.run(SuiteRunnerWorker.java:95)
	at org.testng.TestNG.runSuitesSequentially(TestNG.java:1256)
	at org.testng.TestNG.runSuitesLocally(TestNG.java:1176)
	at org.testng.TestNG.runSuites(TestNG.java:1099)
	at org.testng.TestNG.run(TestNG.java:1067)
	at org.testng.remote.AbstractRemoteTestNG.run(AbstractRemoteTestNG.java:115)
	at org.testng.remote.RemoteTestNG.initAndRun(RemoteTestNG.java:251)
	at org.testng.remote.RemoteTestNG.main(RemoteTestNG.java:77)
</pre></div></td>
<td>24</td>
<td>testCases.SearchResultsReferencesValidation@7ae0a9ec</td></tr>
<tr>
<td title='testCases.SearchResultsReferencesValidation.searchReferencesValidation()'><b>searchReferencesValidation</b><br>Test class: testCases.SearchResultsReferencesValidation<br/>
<a href="#Output-1418310135" onClick='toggleBox("Output-1418310135", this, "Show output", "Hide output");'>Show output</a>

<a href="#Output-1418310135" onClick="toggleAllBoxes();">Show all outputs</a>
<div class='log' id="Output-1418310135">
Beginning test for Search Results > References...<br/>
Beginning Login Modular Test...<br/>
Waiting for page to load completely...<br/>
The page '' is fully loaded now.<br/>
Method: setEmail<br/>
Method: setPassword<br/>
Method: readEmail<br/>
Email Address: jesse.childress@aretecinc.com<br/>
Method: readEmail<br/>
Method: clickLogin<br/>
Waiting for page to load completely...<br/>
The page '' is fully loaded now.<br/>
Expected URL: https://test.dataimagineers.ai/<br/>
Current URL : https://test.dataimagineers.ai/<br/>
Beginning Search Modular Test...
This is for the main search page from login...<br/>
Waiting for page to load completely...<br/>
The page 'Test App' is fully loaded now.<br/>
Expected URL: https://test.dataimagineers.ai/<br/>
Current URL : https://test.dataimagineers.ai/<br/>
Method: clickAllDomainsButton<br/>
Method: openClosedDomains<br/>
Method: selectDomain<br/>
Method: clickAllDomainsButton<br/>
All Domains Button already clicked. Menus already present on page.<br/>
Method: openClosedDomains<br/>
Method: setSearchField<br/>
Method: readSearchField<br/>
Waiting for page to load completely...<br/>
The page 'Test App' is fully loaded now.<br/>
Expected URL: https://test.dataimagineers.ai/search-result.*<br/>
Current URL : https://test.dataimagineers.ai/search-result?search=How%20can%20Aretec%20benefit%20from%20Software%20Quality%20Assurance%20Testing?<br/>
Waiting for page to load completely...<br/>
The page 'Test App' is fully loaded now.<br/>
Method: readAnswer<br/>
Method: waitForAnswerGeneration<br/>
Waited on Answer text for: 5 seconds.<br/>
Method: readFileName<br/>
Method: readUploadDate<br/>
</div>
</td>
<td><div><pre>java.lang.AssertionError: Search Results Page &gt; References &gt; Date format xxxx-xx-xx expected [true] but found [false]
	at org.testng.Assert.fail(Assert.java:110)
	at org.testng.Assert.failNotEquals(Assert.java:1577)
	at org.testng.Assert.assertTrue(Assert.java:56)
	at testCases.SearchResultsReferencesValidation.searchReferencesValidation(SearchResultsReferencesValidation.java:41)
	at java.base/jdk.internal.reflect.NativeMethodAccessorImpl.invoke0(Native Method)
	at java.base/jdk.internal.reflect.NativeMethodAccessorImpl.invoke(NativeMethodAccessorImpl.java:77)
	at java.base/jdk.internal.reflect.DelegatingMethodAccessorImpl.invoke(DelegatingMethodAccessorImpl.java:43)
	at java.base/java.lang.reflect.Method.invoke(Method.java:568)
	at org.testng.internal.invokers.MethodInvocationHelper.invokeMethod(MethodInvocationHelper.java:139)
	at org.testng.internal.invokers.TestInvoker.invokeMethod(TestInvoker.java:677)
	at org.testng.internal.invokers.TestInvoker.invokeTestMethod(TestInvoker.java:221)
	at org.testng.internal.invokers.MethodRunner.runInSequence(MethodRunner.java:50)
	at org.testng.internal.invokers.TestInvoker$MethodInvocationAgent.invoke(TestInvoker.java:969)
	at org.testng.internal.invokers.TestInvoker.invokeTestMethods(TestInvoker.java:194)
	at org.testng.internal.invokers.TestMethodWorker.invokeTestMethods(TestMethodWorker.java:148)
	at org.testng.internal.invokers.TestMethodWorker.run(TestMethodWorker.java:128)
	at java.base/java.util.ArrayList.forEach(ArrayList.java:1511)
	at org.testng.TestRunner.privateRun(TestRunner.java:829)
	at org.testng.TestRunner.run(TestRunner.java:602)
	at org.testng.SuiteRunner.runTest(SuiteRunner.java:437)
	at org.testng.SuiteRunner.runSequentially(SuiteRunner.java:431)
	at org.testng.SuiteRunner.privateRun(SuiteRunner.java:391)
	at org.testng.SuiteRunner.run(SuiteRunner.java:330)
	at org.testng.SuiteRunnerWorker.runSuite(SuiteRunnerWorker.java:52)
	at org.testng.SuiteRunnerWorker.run(SuiteRunnerWorker.java:95)
	at org.testng.TestNG.runSuitesSequentially(TestNG.java:1256)
	at org.testng.TestNG.runSuitesLocally(TestNG.java:1176)
	at org.testng.TestNG.runSuites(TestNG.java:1099)
	at org.testng.TestNG.run(TestNG.java:1067)
	at org.testng.remote.AbstractRemoteTestNG.run(AbstractRemoteTestNG.java:115)
	at org.testng.remote.RemoteTestNG.initAndRun(RemoteTestNG.java:251)
	at org.testng.remote.RemoteTestNG.main(RemoteTestNG.java:77)
</pre></div><a href='#' onClick='toggleBox("stack-trace1418310135", this, "Click to show all stack frames", "Click to hide stack frames")'>Click to show all stack frames</a>
<div class='stack-trace' id='stack-trace1418310135'><pre>java.lang.AssertionError: Search Results Page &gt; References &gt; Date format xxxx-xx-xx expected [true] but found [false]
	at org.testng.Assert.fail(Assert.java:110)
	at org.testng.Assert.failNotEquals(Assert.java:1577)
	at org.testng.Assert.assertTrue(Assert.java:56)
	at testCases.SearchResultsReferencesValidation.searchReferencesValidation(SearchResultsReferencesValidation.java:41)
	at java.base/jdk.internal.reflect.NativeMethodAccessorImpl.invoke0(Native Method)
	at java.base/jdk.internal.reflect.NativeMethodAccessorImpl.invoke(NativeMethodAccessorImpl.java:77)
	at java.base/jdk.internal.reflect.DelegatingMethodAccessorImpl.invoke(DelegatingMethodAccessorImpl.java:43)
	at java.base/java.lang.reflect.Method.invoke(Method.java:568)
	at org.testng.internal.invokers.MethodInvocationHelper.invokeMethod(MethodInvocationHelper.java:139)
	at org.testng.internal.invokers.TestInvoker.invokeMethod(TestInvoker.java:677)
	at org.testng.internal.invokers.TestInvoker.invokeTestMethod(TestInvoker.java:221)
	at org.testng.internal.invokers.MethodRunner.runInSequence(MethodRunner.java:50)
	at org.testng.internal.invokers.TestInvoker$MethodInvocationAgent.invoke(TestInvoker.java:969)
	at org.testng.internal.invokers.TestInvoker.invokeTestMethods(TestInvoker.java:194)
	at org.testng.internal.invokers.TestMethodWorker.invokeTestMethods(TestMethodWorker.java:148)
	at org.testng.internal.invokers.TestMethodWorker.run(TestMethodWorker.java:128)
	at java.base/java.util.ArrayList.forEach(ArrayList.java:1511)
	at org.testng.TestRunner.privateRun(TestRunner.java:829)
	at org.testng.TestRunner.run(TestRunner.java:602)
	at org.testng.SuiteRunner.runTest(SuiteRunner.java:437)
	at org.testng.SuiteRunner.runSequentially(SuiteRunner.java:431)
	at org.testng.SuiteRunner.privateRun(SuiteRunner.java:391)
	at org.testng.SuiteRunner.run(SuiteRunner.java:330)
	at org.testng.SuiteRunnerWorker.runSuite(SuiteRunnerWorker.java:52)
	at org.testng.SuiteRunnerWorker.run(SuiteRunnerWorker.java:95)
	at org.testng.TestNG.runSuitesSequentially(TestNG.java:1256)
	at org.testng.TestNG.runSuitesLocally(TestNG.java:1176)
	at org.testng.TestNG.runSuites(TestNG.java:1099)
	at org.testng.TestNG.run(TestNG.java:1067)
	at org.testng.remote.AbstractRemoteTestNG.run(AbstractRemoteTestNG.java:115)
	at org.testng.remote.RemoteTestNG.initAndRun(RemoteTestNG.java:251)
	at org.testng.remote.RemoteTestNG.main(RemoteTestNG.java:77)
</pre></div></td>
<td>31</td>
<td>testCases.SearchResultsReferencesValidation@7ae0a9ec</td></tr>
</table><p>
</body>
</html>