<html>
<head>
<title>TestNG:  Search Results - References Validation</title>
<link href="../testng.css" rel="stylesheet" type="text/css" />
<link href="../my-testng.css" rel="stylesheet" type="text/css" />

<style type="text/css">
.log { display: none;} 
.stack-trace { display: none;} 
</style>
<script type="text/javascript">
<!--
function flip(e) {
  current = e.style.display;
  if (current == 'block') {
    e.style.display = 'none';
    return 0;
  }
  else {
    e.style.display = 'block';
    return 1;
  }
}

function toggleBox(szDivId, elem, msg1, msg2)
{
  var res = -1;  if (document.getElementById) {
    res = flip(document.getElementById(szDivId));
  }
  else if (document.all) {
    // this is the way old msie versions work
    res = flip(document.all[szDivId]);
  }
  if(elem) {
    if(res == 0) elem.innerHTML = msg1; else elem.innerHTML = msg2;
  }

}

function toggleAllBoxes() {
  if (document.getElementsByTagName) {
    d = document.getElementsByTagName('div');
    for (i = 0; i < d.length; i++) {
      if (d[i].className == 'log') {
        flip(d[i]);
      }
    }
  }
}

// -->
</script>

</head>
<body>
<h2 align='center'>Search Results - References Validation</h2><table border='1' align="center">
<tr>
<td>Tests passed/Failed/Skipped:</td><td>0/5/0</td>
</tr><tr>
<td>Started on:</td><td>Mon Aug 07 09:35:15 EDT 2023</td>
</tr>
<tr><td>Total time:</td><td>119 seconds (119406 ms)</td>
</tr><tr>
<td>Included groups:</td><td></td>
</tr><tr>
<td>Excluded groups:</td><td></td>
</tr>
</table><p/>
<small><i>(Hover the method name to see the test class name)</i></small><p/>
<table width='100%' border='1' class='invocation-failed'>
<tr><td colspan='4' align='center'><b>FAILED TESTS</b></td></tr>
<tr><td><b>Test method</b></td>
<td><b>Attribute(s)</b></td>
<td width="30%"><b>Exception</b></td>
<td width="10%"><b>Time (seconds)</b></td>
<td><b>Instance</b></td>
</tr>
<tr>
<td title='testCases.SearchResultsReferencesValidation.searchReferencesValidation()'><b>searchReferencesValidation</b><br>Test class: testCases.SearchResultsReferencesValidation<br/>
<a href="#Output-1819716055" onClick='toggleBox("Output-1819716055", this, "Show output", "Hide output");'>Show output</a>

<a href="#Output-1819716055" onClick="toggleAllBoxes();">Show all outputs</a>
<div class='log' id="Output-1819716055">
Beginning test for Search Results > References...<br/>
Beginning Login Modular Test...<br/>
Waiting for page to load completely...<br/>
The page '' is fully loaded now.<br/>
Method: setEmail<br/>
Method: setPassword<br/>
Method: readEmail<br/>
Email Address: jesse.childress@aretecinc.com<br/>
Method: readEmail<br/>
Method: clickLogin<br/>
Waiting for page to load completely...<br/>
The page '' is fully loaded now.<br/>
Expected URL: https://test.dataimagineers.ai/<br/>
Current URL : https://test.dataimagineers.ai/login<br/>
Beginning Search Modular Test...
This is for the main search page from login...<br/>
Waiting for page to load completely...<br/>
The page '' is fully loaded now.<br/>
Expected URL: https://test.dataimagineers.ai/<br/>
Current URL : https://test.dataimagineers.ai/<br/>
Method: clickAllDomainsButton<br/>
Method: openClosedDomains<br/>
Method: selectDomain<br/>
Method: clickAllDomainsButton<br/>
All Domains Button already clicked. Menus already present on page.<br/>
Method: openClosedDomains<br/>
Method: setSearchField<br/>
Method: readSearchField<br/>
Waiting for page to load completely...<br/>
The page 'Test App' is fully loaded now.<br/>
Expected URL: https://test.dataimagineers.ai/search-result.*<br/>
Current URL : https://test.dataimagineers.ai/search-result?search=How%20can%20Aretec%20benefit%20from%20Software%20Quality%20Assurance%20Testing?<br/>
Waiting for page to load completely...<br/>
The page 'Test App' is fully loaded now.<br/>
Method: readAnswer<br/>
Method: waitForAnswerGeneration<br/>
Waited on Answer text for: 7 seconds.<br/>
Method: readFileName<br/>
Method: readUploadDate<br/>
</div>
</td>
<td><div><pre>java.lang.AssertionError: Search Results Page &gt; References &gt; Date format xxxx-xx-xx expected [true] but found [false]
	at testCases.SearchResultsReferencesValidation.searchReferencesValidation(SearchResultsReferencesValidation.java:41)
	at java.base/java.util.concurrent.ThreadPoolExecutor.runWorker(ThreadPoolExecutor.java:1136)
	at java.base/java.util.concurrent.ThreadPoolExecutor$Worker.run(ThreadPoolExecutor.java:635)
	at java.base/java.lang.Thread.run(Thread.java:833)
... Removed 15 stack frames</pre></div><a href='#' onClick='toggleBox("stack-trace1819716055", this, "Click to show all stack frames", "Click to hide stack frames")'>Click to show all stack frames</a>
<div class='stack-trace' id='stack-trace1819716055'><pre>java.lang.AssertionError: Search Results Page &gt; References &gt; Date format xxxx-xx-xx expected [true] but found [false]
	at org.testng.Assert.fail(Assert.java:110)
	at org.testng.Assert.failNotEquals(Assert.java:1577)
	at org.testng.Assert.assertTrue(Assert.java:56)
	at testCases.SearchResultsReferencesValidation.searchReferencesValidation(SearchResultsReferencesValidation.java:41)
	at java.base/jdk.internal.reflect.NativeMethodAccessorImpl.invoke0(Native Method)
	at java.base/jdk.internal.reflect.NativeMethodAccessorImpl.invoke(NativeMethodAccessorImpl.java:77)
	at java.base/jdk.internal.reflect.DelegatingMethodAccessorImpl.invoke(DelegatingMethodAccessorImpl.java:43)
	at java.base/java.lang.reflect.Method.invoke(Method.java:568)
	at org.testng.internal.invokers.MethodInvocationHelper.invokeMethod(MethodInvocationHelper.java:139)
	at org.testng.internal.invokers.TestInvoker.invokeMethod(TestInvoker.java:677)
	at org.testng.internal.invokers.TestInvoker.invokeTestMethod(TestInvoker.java:221)
	at org.testng.internal.invokers.MethodRunner.runInSequence(MethodRunner.java:50)
	at org.testng.internal.invokers.TestInvoker$MethodInvocationAgent.invoke(TestInvoker.java:969)
	at org.testng.internal.invokers.TestInvoker.invokeTestMethods(TestInvoker.java:194)
	at org.testng.internal.invokers.TestMethodWorker.invokeTestMethods(TestMethodWorker.java:148)
	at org.testng.internal.invokers.TestMethodWorker.run(TestMethodWorker.java:128)
	at java.base/java.util.concurrent.ThreadPoolExecutor.runWorker(ThreadPoolExecutor.java:1136)
	at java.base/java.util.concurrent.ThreadPoolExecutor$Worker.run(ThreadPoolExecutor.java:635)
	at java.base/java.lang.Thread.run(Thread.java:833)
</pre></div></td>
<td>26</td>
<td>testCases.SearchResultsReferencesValidation@20b2475a</td></tr>
<tr>
<td title='testCases.SearchResultsReferencesValidation.searchReferencesValidation()'><b>searchReferencesValidation</b><br>Test class: testCases.SearchResultsReferencesValidation<br/>
<a href="#Output-1546985015" onClick='toggleBox("Output-1546985015", this, "Show output", "Hide output");'>Show output</a>

<a href="#Output-1546985015" onClick="toggleAllBoxes();">Show all outputs</a>
<div class='log' id="Output-1546985015">
Beginning test for Search Results > References...<br/>
Beginning Login Modular Test...<br/>
Waiting for page to load completely...<br/>
The page '' is fully loaded now.<br/>
Method: setEmail<br/>
Method: setPassword<br/>
Method: readEmail<br/>
Email Address: jesse.childress@aretecinc.com<br/>
Method: readEmail<br/>
Method: clickLogin<br/>
Waiting for page to load completely...<br/>
The page '' is fully loaded now.<br/>
Expected URL: https://test.dataimagineers.ai/<br/>
Current URL : https://test.dataimagineers.ai/login<br/>
Beginning Search Modular Test...
This is for the main search page from login...<br/>
Waiting for page to load completely...<br/>
The page '' is fully loaded now.<br/>
Expected URL: https://test.dataimagineers.ai/<br/>
Current URL : https://test.dataimagineers.ai/<br/>
Method: clickAllDomainsButton<br/>
Method: openClosedDomains<br/>
Method: selectDomain<br/>
Method: clickAllDomainsButton<br/>
All Domains Button already clicked. Menus already present on page.<br/>
Method: openClosedDomains<br/>
Method: setSearchField<br/>
Method: readSearchField<br/>
Waiting for page to load completely...<br/>
The page 'Test App' is fully loaded now.<br/>
Expected URL: https://test.dataimagineers.ai/search-result.*<br/>
Current URL : https://test.dataimagineers.ai/search-result?search=How%20can%20Aretec%20benefit%20from%20Software%20Quality%20Assurance%20Testing?<br/>
Waiting for page to load completely...<br/>
The page 'Test App' is fully loaded now.<br/>
Method: readAnswer<br/>
Method: waitForAnswerGeneration<br/>
Waited on Answer text for: 2 seconds.<br/>
Method: readFileName<br/>
Method: readUploadDate<br/>
</div>
</td>
<td><div><pre>java.lang.AssertionError: Search Results Page &gt; References &gt; Date format xxxx-xx-xx expected [true] but found [false]
	at testCases.SearchResultsReferencesValidation.searchReferencesValidation(SearchResultsReferencesValidation.java:41)
	at java.base/java.util.concurrent.ThreadPoolExecutor.runWorker(ThreadPoolExecutor.java:1136)
	at java.base/java.util.concurrent.ThreadPoolExecutor$Worker.run(ThreadPoolExecutor.java:635)
	at java.base/java.lang.Thread.run(Thread.java:833)
... Removed 15 stack frames</pre></div><a href='#' onClick='toggleBox("stack-trace1546985015", this, "Click to show all stack frames", "Click to hide stack frames")'>Click to show all stack frames</a>
<div class='stack-trace' id='stack-trace1546985015'><pre>java.lang.AssertionError: Search Results Page &gt; References &gt; Date format xxxx-xx-xx expected [true] but found [false]
	at org.testng.Assert.fail(Assert.java:110)
	at org.testng.Assert.failNotEquals(Assert.java:1577)
	at org.testng.Assert.assertTrue(Assert.java:56)
	at testCases.SearchResultsReferencesValidation.searchReferencesValidation(SearchResultsReferencesValidation.java:41)
	at java.base/jdk.internal.reflect.NativeMethodAccessorImpl.invoke0(Native Method)
	at java.base/jdk.internal.reflect.NativeMethodAccessorImpl.invoke(NativeMethodAccessorImpl.java:77)
	at java.base/jdk.internal.reflect.DelegatingMethodAccessorImpl.invoke(DelegatingMethodAccessorImpl.java:43)
	at java.base/java.lang.reflect.Method.invoke(Method.java:568)
	at org.testng.internal.invokers.MethodInvocationHelper.invokeMethod(MethodInvocationHelper.java:139)
	at org.testng.internal.invokers.TestInvoker.invokeMethod(TestInvoker.java:677)
	at org.testng.internal.invokers.TestInvoker.invokeTestMethod(TestInvoker.java:221)
	at org.testng.internal.invokers.MethodRunner.runInSequence(MethodRunner.java:50)
	at org.testng.internal.invokers.TestInvoker$MethodInvocationAgent.invoke(TestInvoker.java:969)
	at org.testng.internal.invokers.TestInvoker.invokeTestMethods(TestInvoker.java:194)
	at org.testng.internal.invokers.TestMethodWorker.invokeTestMethods(TestMethodWorker.java:148)
	at org.testng.internal.invokers.TestMethodWorker.run(TestMethodWorker.java:128)
	at java.base/java.util.concurrent.ThreadPoolExecutor.runWorker(ThreadPoolExecutor.java:1136)
	at java.base/java.util.concurrent.ThreadPoolExecutor$Worker.run(ThreadPoolExecutor.java:635)
	at java.base/java.lang.Thread.run(Thread.java:833)
</pre></div></td>
<td>19</td>
<td>testCases.SearchResultsReferencesValidation@20b2475a</td></tr>
<tr>
<td title='testCases.SearchResultsReferencesValidation.searchReferencesValidation()'><b>searchReferencesValidation</b><br>Test class: testCases.SearchResultsReferencesValidation<br/>
<a href="#Output-1517191016" onClick='toggleBox("Output-1517191016", this, "Show output", "Hide output");'>Show output</a>

<a href="#Output-1517191016" onClick="toggleAllBoxes();">Show all outputs</a>
<div class='log' id="Output-1517191016">
Beginning test for Search Results > References...<br/>
Beginning Login Modular Test...<br/>
Waiting for page to load completely...<br/>
The page '' is fully loaded now.<br/>
Method: setEmail<br/>
Method: setPassword<br/>
Method: readEmail<br/>
Email Address: jesse.childress@aretecinc.com<br/>
Method: readEmail<br/>
Method: clickLogin<br/>
Waiting for page to load completely...<br/>
The page '' is fully loaded now.<br/>
Expected URL: https://test.dataimagineers.ai/<br/>
Current URL : https://test.dataimagineers.ai/login<br/>
Beginning Search Modular Test...
This is for the main search page from login...<br/>
Waiting for page to load completely...<br/>
The page '' is fully loaded now.<br/>
Expected URL: https://test.dataimagineers.ai/<br/>
Current URL : https://test.dataimagineers.ai/<br/>
Method: clickAllDomainsButton<br/>
Method: openClosedDomains<br/>
Method: selectDomain<br/>
Method: clickAllDomainsButton<br/>
All Domains Button already clicked. Menus already present on page.<br/>
Method: openClosedDomains<br/>
Method: setSearchField<br/>
Method: readSearchField<br/>
Waiting for page to load completely...<br/>
The page 'Test App' is fully loaded now.<br/>
Expected URL: https://test.dataimagineers.ai/search-result.*<br/>
Current URL : https://test.dataimagineers.ai/search-result?search=How%20can%20Aretec%20benefit%20from%20Software%20Quality%20Assurance%20Testing?<br/>
Waiting for page to load completely...<br/>
The page 'Test App' is fully loaded now.<br/>
Method: readAnswer<br/>
Method: waitForAnswerGeneration<br/>
Waited on Answer text for: 10 seconds.<br/>
Method: readFileName<br/>
Method: readUploadDate<br/>
</div>
</td>
<td><div><pre>java.lang.AssertionError: Search Results Page &gt; References &gt; Date format xxxx-xx-xx expected [true] but found [false]
	at testCases.SearchResultsReferencesValidation.searchReferencesValidation(SearchResultsReferencesValidation.java:41)
	at java.base/java.util.concurrent.ThreadPoolExecutor.runWorker(ThreadPoolExecutor.java:1136)
	at java.base/java.util.concurrent.ThreadPoolExecutor$Worker.run(ThreadPoolExecutor.java:635)
	at java.base/java.lang.Thread.run(Thread.java:833)
... Removed 15 stack frames</pre></div><a href='#' onClick='toggleBox("stack-trace1517191016", this, "Click to show all stack frames", "Click to hide stack frames")'>Click to show all stack frames</a>
<div class='stack-trace' id='stack-trace1517191016'><pre>java.lang.AssertionError: Search Results Page &gt; References &gt; Date format xxxx-xx-xx expected [true] but found [false]
	at org.testng.Assert.fail(Assert.java:110)
	at org.testng.Assert.failNotEquals(Assert.java:1577)
	at org.testng.Assert.assertTrue(Assert.java:56)
	at testCases.SearchResultsReferencesValidation.searchReferencesValidation(SearchResultsReferencesValidation.java:41)
	at java.base/jdk.internal.reflect.NativeMethodAccessorImpl.invoke0(Native Method)
	at java.base/jdk.internal.reflect.NativeMethodAccessorImpl.invoke(NativeMethodAccessorImpl.java:77)
	at java.base/jdk.internal.reflect.DelegatingMethodAccessorImpl.invoke(DelegatingMethodAccessorImpl.java:43)
	at java.base/java.lang.reflect.Method.invoke(Method.java:568)
	at org.testng.internal.invokers.MethodInvocationHelper.invokeMethod(MethodInvocationHelper.java:139)
	at org.testng.internal.invokers.TestInvoker.invokeMethod(TestInvoker.java:677)
	at org.testng.internal.invokers.TestInvoker.invokeTestMethod(TestInvoker.java:221)
	at org.testng.internal.invokers.MethodRunner.runInSequence(MethodRunner.java:50)
	at org.testng.internal.invokers.TestInvoker$MethodInvocationAgent.invoke(TestInvoker.java:969)
	at org.testng.internal.invokers.TestInvoker.invokeTestMethods(TestInvoker.java:194)
	at org.testng.internal.invokers.TestMethodWorker.invokeTestMethods(TestMethodWorker.java:148)
	at org.testng.internal.invokers.TestMethodWorker.run(TestMethodWorker.java:128)
	at java.base/java.util.concurrent.ThreadPoolExecutor.runWorker(ThreadPoolExecutor.java:1136)
	at java.base/java.util.concurrent.ThreadPoolExecutor$Worker.run(ThreadPoolExecutor.java:635)
	at java.base/java.lang.Thread.run(Thread.java:833)
</pre></div></td>
<td>28</td>
<td>testCases.SearchResultsReferencesValidation@20b2475a</td></tr>
<tr>
<td title='testCases.SearchResultsReferencesValidation.searchReferencesValidation()'><b>searchReferencesValidation</b><br>Test class: testCases.SearchResultsReferencesValidation<br/>
<a href="#Output-636113202" onClick='toggleBox("Output-636113202", this, "Show output", "Hide output");'>Show output</a>

<a href="#Output-636113202" onClick="toggleAllBoxes();">Show all outputs</a>
<div class='log' id="Output-636113202">
Beginning test for Search Results > References...<br/>
Beginning Login Modular Test...<br/>
Waiting for page to load completely...<br/>
The page '' is fully loaded now.<br/>
Method: setEmail<br/>
Method: setPassword<br/>
Method: readEmail<br/>
Email Address: jesse.childress@aretecinc.com<br/>
Method: readEmail<br/>
Method: clickLogin<br/>
Waiting for page to load completely...<br/>
The page '' is fully loaded now.<br/>
Expected URL: https://test.dataimagineers.ai/<br/>
Current URL : https://test.dataimagineers.ai/login<br/>
Beginning Search Modular Test...
This is for the main search page from login...<br/>
Waiting for page to load completely...<br/>
The page '' is fully loaded now.<br/>
Expected URL: https://test.dataimagineers.ai/<br/>
Current URL : https://test.dataimagineers.ai/<br/>
Method: clickAllDomainsButton<br/>
Method: openClosedDomains<br/>
Method: selectDomain<br/>
Method: clickAllDomainsButton<br/>
All Domains Button already clicked. Menus already present on page.<br/>
Method: openClosedDomains<br/>
Method: setSearchField<br/>
Method: readSearchField<br/>
Waiting for page to load completely...<br/>
The page 'Test App' is fully loaded now.<br/>
Expected URL: https://test.dataimagineers.ai/search-result.*<br/>
Current URL : https://test.dataimagineers.ai/search-result?search=How%20can%20Aretec%20benefit%20from%20Software%20Quality%20Assurance%20Testing?<br/>
Waiting for page to load completely...<br/>
The page 'Test App' is fully loaded now.<br/>
Method: readAnswer<br/>
Method: waitForAnswerGeneration<br/>
Waited on Answer text for: 3 seconds.<br/>
Method: readFileName<br/>
Method: readUploadDate<br/>
</div>
</td>
<td><div><pre>java.lang.AssertionError: Search Results Page &gt; References &gt; Date format xxxx-xx-xx expected [true] but found [false]
	at testCases.SearchResultsReferencesValidation.searchReferencesValidation(SearchResultsReferencesValidation.java:41)
	at java.base/java.util.concurrent.ThreadPoolExecutor.runWorker(ThreadPoolExecutor.java:1136)
	at java.base/java.util.concurrent.ThreadPoolExecutor$Worker.run(ThreadPoolExecutor.java:635)
	at java.base/java.lang.Thread.run(Thread.java:833)
... Removed 15 stack frames</pre></div><a href='#' onClick='toggleBox("stack-trace636113202", this, "Click to show all stack frames", "Click to hide stack frames")'>Click to show all stack frames</a>
<div class='stack-trace' id='stack-trace636113202'><pre>java.lang.AssertionError: Search Results Page &gt; References &gt; Date format xxxx-xx-xx expected [true] but found [false]
	at org.testng.Assert.fail(Assert.java:110)
	at org.testng.Assert.failNotEquals(Assert.java:1577)
	at org.testng.Assert.assertTrue(Assert.java:56)
	at testCases.SearchResultsReferencesValidation.searchReferencesValidation(SearchResultsReferencesValidation.java:41)
	at java.base/jdk.internal.reflect.NativeMethodAccessorImpl.invoke0(Native Method)
	at java.base/jdk.internal.reflect.NativeMethodAccessorImpl.invoke(NativeMethodAccessorImpl.java:77)
	at java.base/jdk.internal.reflect.DelegatingMethodAccessorImpl.invoke(DelegatingMethodAccessorImpl.java:43)
	at java.base/java.lang.reflect.Method.invoke(Method.java:568)
	at org.testng.internal.invokers.MethodInvocationHelper.invokeMethod(MethodInvocationHelper.java:139)
	at org.testng.internal.invokers.TestInvoker.invokeMethod(TestInvoker.java:677)
	at org.testng.internal.invokers.TestInvoker.invokeTestMethod(TestInvoker.java:221)
	at org.testng.internal.invokers.MethodRunner.runInSequence(MethodRunner.java:50)
	at org.testng.internal.invokers.TestInvoker$MethodInvocationAgent.invoke(TestInvoker.java:969)
	at org.testng.internal.invokers.TestInvoker.invokeTestMethods(TestInvoker.java:194)
	at org.testng.internal.invokers.TestMethodWorker.invokeTestMethods(TestMethodWorker.java:148)
	at org.testng.internal.invokers.TestMethodWorker.run(TestMethodWorker.java:128)
	at java.base/java.util.concurrent.ThreadPoolExecutor.runWorker(ThreadPoolExecutor.java:1136)
	at java.base/java.util.concurrent.ThreadPoolExecutor$Worker.run(ThreadPoolExecutor.java:635)
	at java.base/java.lang.Thread.run(Thread.java:833)
</pre></div></td>
<td>22</td>
<td>testCases.SearchResultsReferencesValidation@20b2475a</td></tr>
<tr>
<td title='testCases.SearchResultsReferencesValidation.searchReferencesValidation()'><b>searchReferencesValidation</b><br>Test class: testCases.SearchResultsReferencesValidation<br/>
<a href="#Output-7415405" onClick='toggleBox("Output-7415405", this, "Show output", "Hide output");'>Show output</a>

<a href="#Output-7415405" onClick="toggleAllBoxes();">Show all outputs</a>
<div class='log' id="Output-7415405">
Beginning test for Search Results > References...<br/>
Beginning Login Modular Test...<br/>
Waiting for page to load completely...<br/>
The page '' is fully loaded now.<br/>
Method: setEmail<br/>
Method: setPassword<br/>
Method: readEmail<br/>
Email Address: jesse.childress@aretecinc.com<br/>
Method: readEmail<br/>
Method: clickLogin<br/>
Waiting for page to load completely...<br/>
The page '' is fully loaded now.<br/>
Expected URL: https://test.dataimagineers.ai/<br/>
Current URL : https://test.dataimagineers.ai/login<br/>
Beginning Search Modular Test...
This is for the main search page from login...<br/>
Waiting for page to load completely...<br/>
The page '' is fully loaded now.<br/>
Expected URL: https://test.dataimagineers.ai/<br/>
Current URL : https://test.dataimagineers.ai/<br/>
Method: clickAllDomainsButton<br/>
Method: openClosedDomains<br/>
Method: selectDomain<br/>
Method: clickAllDomainsButton<br/>
All Domains Button already clicked. Menus already present on page.<br/>
Method: openClosedDomains<br/>
Method: setSearchField<br/>
Method: readSearchField<br/>
Waiting for page to load completely...<br/>
The page 'Test App' is fully loaded now.<br/>
Expected URL: https://test.dataimagineers.ai/search-result.*<br/>
Current URL : https://test.dataimagineers.ai/search-result?search=How%20can%20Aretec%20benefit%20from%20Software%20Quality%20Assurance%20Testing?<br/>
Waiting for page to load completely...<br/>
The page 'Test App' is fully loaded now.<br/>
Method: readAnswer<br/>
Method: waitForAnswerGeneration<br/>
Waited on Answer text for: 3 seconds.<br/>
Method: readFileName<br/>
Method: readUploadDate<br/>
</div>
</td>
<td><div><pre>java.lang.AssertionError: Search Results Page &gt; References &gt; Date format xxxx-xx-xx expected [true] but found [false]
	at testCases.SearchResultsReferencesValidation.searchReferencesValidation(SearchResultsReferencesValidation.java:41)
	at java.base/java.util.concurrent.ThreadPoolExecutor.runWorker(ThreadPoolExecutor.java:1136)
	at java.base/java.util.concurrent.ThreadPoolExecutor$Worker.run(ThreadPoolExecutor.java:635)
	at java.base/java.lang.Thread.run(Thread.java:833)
... Removed 15 stack frames</pre></div><a href='#' onClick='toggleBox("stack-trace7415405", this, "Click to show all stack frames", "Click to hide stack frames")'>Click to show all stack frames</a>
<div class='stack-trace' id='stack-trace7415405'><pre>java.lang.AssertionError: Search Results Page &gt; References &gt; Date format xxxx-xx-xx expected [true] but found [false]
	at org.testng.Assert.fail(Assert.java:110)
	at org.testng.Assert.failNotEquals(Assert.java:1577)
	at org.testng.Assert.assertTrue(Assert.java:56)
	at testCases.SearchResultsReferencesValidation.searchReferencesValidation(SearchResultsReferencesValidation.java:41)
	at java.base/jdk.internal.reflect.NativeMethodAccessorImpl.invoke0(Native Method)
	at java.base/jdk.internal.reflect.NativeMethodAccessorImpl.invoke(NativeMethodAccessorImpl.java:77)
	at java.base/jdk.internal.reflect.DelegatingMethodAccessorImpl.invoke(DelegatingMethodAccessorImpl.java:43)
	at java.base/java.lang.reflect.Method.invoke(Method.java:568)
	at org.testng.internal.invokers.MethodInvocationHelper.invokeMethod(MethodInvocationHelper.java:139)
	at org.testng.internal.invokers.TestInvoker.invokeMethod(TestInvoker.java:677)
	at org.testng.internal.invokers.TestInvoker.invokeTestMethod(TestInvoker.java:221)
	at org.testng.internal.invokers.MethodRunner.runInSequence(MethodRunner.java:50)
	at org.testng.internal.invokers.TestInvoker$MethodInvocationAgent.invoke(TestInvoker.java:969)
	at org.testng.internal.invokers.TestInvoker.invokeTestMethods(TestInvoker.java:194)
	at org.testng.internal.invokers.TestMethodWorker.invokeTestMethods(TestMethodWorker.java:148)
	at org.testng.internal.invokers.TestMethodWorker.run(TestMethodWorker.java:128)
	at java.base/java.util.concurrent.ThreadPoolExecutor.runWorker(ThreadPoolExecutor.java:1136)
	at java.base/java.util.concurrent.ThreadPoolExecutor$Worker.run(ThreadPoolExecutor.java:635)
	at java.base/java.lang.Thread.run(Thread.java:833)
</pre></div></td>
<td>20</td>
<td>testCases.SearchResultsReferencesValidation@20b2475a</td></tr>
</table><p>
</body>
</html>